
Cadence Innovus(TM) Implementation System.
Copyright 2020 Cadence Design Systems, Inc. All rights reserved worldwide.

Version:	v20.11-s130_1, built Wed Aug 5 15:53:11 PDT 2020
Options:	
Date:		Thu Oct 19 00:46:37 2023
Host:		localhost.localdomain (x86_64 w/Linux 3.10.0-957.5.1.el7.x86_64) (12cores*12cpus*QEMU Virtual CPU version 2.5+ 16384KB)
OS:		CentOS Linux release 7.6.1810 (Core) 

License:
		invs	Innovus Implementation System	20.1	checkout succeeded
		8 CPU jobs allowed with the current license(s). Use setMultiCpuUsage to set your required CPU count.
Change the soft stacksize limit to 0.2%RAM (64 mbytes). Set global soft_stack_size_limit to change the value.

**INFO:  MMMC transition support version v31-84 

<CMD> set_global _enable_mmmc_by_default_flow      $CTE::mmmc_default
<CMD> suppressMessage ENCEXT-2799
<CMD> win
<CMD> set defHierChar /
Set Default Input Pin Transition as 0.1 ps.
<CMD> set delaycal_input_transition_delay 0.1ps
<CMD> set fpIsMaxIoHeight 0
<CMD> set init_gnd_net gnd
<CMD> set init_mmmc_file Default.view
<CMD> set init_oa_search_lib {}
<CMD> set init_pwr_net vdd
<CMD> set init_verilog dlx.v
<CMD> set init_lef_file /eda/dk/nangate45/lef/NangateOpenCellLibrary.lef
<CMD> init_design
#% Begin Load MMMC data ... (date=10/19 00:47:52, mem=569.0M)
**ERROR: (TCLCMD-989):	cannot open SDC file 'SUM.sdc' for mode 'coherent-synthesis'
<CMD> init_design
% Begin Load MMMC data ... (date=10/19 00:47:56, mem=569.2M)
Extraction setup Started 
Extraction setup Started 
Extraction setup Started 
**ERROR: (TCLCMD-989):	cannot open SDC file 'SUM.sdc' for mode 'coherent-synthesis'
<CMD> init_design
% Begin Load MMMC data ... (date=10/19 00:48:09, mem=569.2M)
Extraction setup Started 
Extraction setup Started 
Extraction setup Started 
**ERROR: (TCLCMD-989):	cannot open SDC file 'SUM.sdc' for mode 'coherent-synthesis'
<CMD> init_design
% Begin Load MMMC data ... (date=10/19 00:48:21, mem=568.7M)
Extraction setup Started 
Extraction setup Started 
Extraction setup Started 
**ERROR: (TCLCMD-989):	cannot open SDC file 'SUM.sdc' for mode 'coherent-synthesis'
<CMD> init_design
% Begin Load MMMC data ... (date=10/19 00:48:24, mem=568.7M)
Extraction setup Started 
Extraction setup Started 
Extraction setup Started 
**ERROR: (TCLCMD-989):	cannot open SDC file 'SUM.sdc' for mode 'coherent-synthesis'
<CMD> init_design
% Begin Load MMMC data ... (date=10/19 00:48:25, mem=568.7M)
Extraction setup Started 
Extraction setup Started 
Extraction setup Started 
**ERROR: (TCLCMD-989):	cannot open SDC file 'SUM.sdc' for mode 'coherent-synthesis'
<CMD> init_design
% Begin Load MMMC data ... (date=10/19 00:48:25, mem=568.7M)
Extraction setup Started 
Extraction setup Started 
Extraction setup Started 
**ERROR: (TCLCMD-989):	cannot open SDC file 'SUM.sdc' for mode 'coherent-synthesis'
<CMD> init_design
% Begin Load MMMC data ... (date=10/19 00:48:26, mem=568.7M)
Extraction setup Started 
Extraction setup Started 
Extraction setup Started 
**ERROR: (TCLCMD-989):	cannot open SDC file 'SUM.sdc' for mode 'coherent-synthesis'
<CMD> init_design
% Begin Load MMMC data ... (date=10/19 00:48:26, mem=568.7M)
Extraction setup Started 
Extraction setup Started 
Extraction setup Started 
**ERROR: (TCLCMD-989):	cannot open SDC file 'SUM.sdc' for mode 'coherent-synthesis'
<CMD> init_design
% Begin Load MMMC data ... (date=10/19 00:48:26, mem=568.7M)
Extraction setup Started 
Extraction setup Started 
Extraction setup Started 
**ERROR: (TCLCMD-989):	cannot open SDC file 'SUM.sdc' for mode 'coherent-synthesis'
<CMD> init_design
% Begin Load MMMC data ... (date=10/19 00:48:27, mem=568.7M)
Extraction setup Started 
Extraction setup Started 
Extraction setup Started 
**ERROR: (TCLCMD-989):	cannot open SDC file 'SUM.sdc' for mode 'coherent-synthesis'
<CMD> set defHierChar /
Set Default Input Pin Transition as 0.1 ps.
<CMD> set delaycal_input_transition_delay 0.1ps
<CMD> set fpIsMaxIoHeight 0
<CMD> set init_gnd_net gnd
<CMD> set init_mmmc_file Default.view
<CMD> set init_oa_search_lib {}
<CMD> set init_pwr_net vdd
<CMD> set init_verilog dlx.v
<CMD> set init_lef_file /eda/dk/nangate45/lef/NangateOpenCellLibrary.lef
<CMD> init_design
% Begin Load MMMC data ... (date=10/19 00:48:44, mem=569.3M)
Extraction setup Started 
Extraction setup Started 
Extraction setup Started 
**ERROR: (TCLCMD-989):	cannot open SDC file 'SUM.sdc' for mode 'coherent-synthesis'
<CMD> init_design
% Begin Load MMMC data ... (date=10/19 00:48:50, mem=569.3M)
Extraction setup Started 
Extraction setup Started 
Extraction setup Started 
**ERROR: (TCLCMD-989):	cannot open SDC file 'SUM.sdc' for mode 'coherent-synthesis'
<CMD> init_design
% Begin Load MMMC data ... (date=10/19 00:48:51, mem=569.3M)
Extraction setup Started 
Extraction setup Started 
Extraction setup Started 
**ERROR: (TCLCMD-989):	cannot open SDC file 'SUM.sdc' for mode 'coherent-synthesis'
<CMD> init_design
% Begin Load MMMC data ... (date=10/19 00:48:51, mem=569.3M)
Extraction setup Started 
Extraction setup Started 
Extraction setup Started 
**ERROR: (TCLCMD-989):	cannot open SDC file 'SUM.sdc' for mode 'coherent-synthesis'
<CMD> init_design
% Begin Load MMMC data ... (date=10/19 00:48:51, mem=569.3M)
Extraction setup Started 
Extraction setup Started 
Extraction setup Started 
**ERROR: (TCLCMD-989):	cannot open SDC file 'SUM.sdc' for mode 'coherent-synthesis'
<CMD> init_design
% Begin Load MMMC data ... (date=10/19 00:48:51, mem=569.3M)
Extraction setup Started 
Extraction setup Started 
Extraction setup Started 
**ERROR: (TCLCMD-989):	cannot open SDC file 'SUM.sdc' for mode 'coherent-synthesis'
<CMD> init_design
% Begin Load MMMC data ... (date=10/19 00:48:51, mem=569.3M)
Extraction setup Started 
Extraction setup Started 
Extraction setup Started 
**ERROR: (TCLCMD-989):	cannot open SDC file 'SUM.sdc' for mode 'coherent-synthesis'
<CMD> init_design
% Begin Load MMMC data ... (date=10/19 00:48:52, mem=569.3M)
Extraction setup Started 
Extraction setup Started 
Extraction setup Started 
**ERROR: (TCLCMD-989):	cannot open SDC file 'SUM.sdc' for mode 'coherent-synthesis'

--------------------------------------------------------------------------------
Exiting Innovus on Thu Oct 19 00:48:56 2023
  Total CPU time:     0:01:01
  Total real time:    0:02:21
  Peak memory (main): 573.16MB


*** Memory Usage v#2 (Current mem = 816.723M, initial mem = 272.285M) ***
*** Message Summary: 0 warning(s), 19 error(s)

--- Ending "Innovus" (totcpu=0:01:01, real=0:02:19, mem=816.7M) ---
